Summary of SPARK analysis
=========================

---------------------------------------------------------------------------------------------
SPARK Analysis results        Total       Flow   CodePeer      Provers   Justified   Unproved
---------------------------------------------------------------------------------------------
Data Dependencies                 2          2          .            .           .          .
Flow Dependencies                 2          2          .            .           .          .
Initialization                    .          .          .            .           .          .
Non-Aliasing                      .          .          .            .           .          .
Run-time Checks                  11          .          .    11 (CVC4)           .          .
Assertions                        5          .          .     5 (CVC4)           .          .
Functional Contracts              2          .          .     2 (CVC4)           .          .
LSP Verification                  .          .          .            .           .          .
Termination                       2          .          .     2 (CVC4)           .          .
Concurrency                       .          .          .            .           .          .
---------------------------------------------------------------------------------------------
Total                            24    4 (17%)          .     20 (83%)           .          .


max steps used for successful proof: 1

Analyzed 1 unit
in unit logerithm, 3 subprograms and packages out of 3 analyzed
  Logerithm at logerithm.ads:1 flow analyzed (0 errors, 0 checks and 0 warnings) and proved (0 checks)
  Logerithm.Log at logerithm.ads:7 flow analyzed (0 errors, 0 checks and 0 warnings) and proved (11 checks)
  Logerithm.Mult at logerithm.ads:13 flow analyzed (0 errors, 0 checks and 0 warnings) and proved (9 checks)
