logerithm.adb:12:24: info: assertion proved[#13]
logerithm.adb:17:27: info: division check proved[#20]
logerithm.adb:17:27: info: overflow check proved[#21]
logerithm.adb:19:33: info: division check proved[#22]
logerithm.adb:20:34: info: division check proved[#23]
logerithm.adb:22:10: info: loop variant proved[#19]
logerithm.adb:23:32: info: loop invariant initialization proved[#17]
logerithm.adb:23:32: info: loop invariant preservation proved[#18]
logerithm.adb:24:17: info: precondition proved[#15]
logerithm.adb:24:27: info: range check proved[#14]
logerithm.adb:25:21: info: overflow check proved[#16]
logerithm.adb:36:10: info: loop variant proved[#8]
logerithm.adb:37:32: info: loop invariant preservation proved[#6]
logerithm.adb:37:32: info: loop invariant initialization proved[#7]
logerithm.adb:38:17: info: overflow check proved[#4]
logerithm.adb:39:25: info: overflow check proved[#5]
logerithm.adb:41:14: info: range check proved[#9]
logerithm.ads:8:06: info: data dependencies proved[#0]
logerithm.ads:9:06: info: flow dependencies proved[#1]
logerithm.ads:14:06: info: data dependencies proved[#2]
logerithm.ads:15:06: info: flow dependencies proved[#3]
logerithm.ads:16:31: info: division check proved[#10]
logerithm.ads:16:57: info: division check proved[#11]
logerithm.ads:17:14: info: postcondition proved[#12]
